<?xml version="1.0" encoding="UTF-8"?>
<!-- Generated by org.testng.reporters.JUnitReportReporter -->
<testsuite skipped="0" hostname="DESKTOP-KCE14NL" name="testCases.TestAmazon" tests="1" failures="0" timestamp="24 abr 2020 05:44:34 GMT" time="5.177" errors="0">
  <testcase name="accesoWeb" time="5.177" classname="testCases.TestAmazon"/>
</testsuite> <!-- testCases.TestAmazon -->
