<?xml version="1.0" encoding="UTF-8"?>
<!-- Generated by org.testng.reporters.JUnitReportReporter -->
<testsuite skipped="0" hostname="DESKTOP-KCE14NL" name="testCases.Search" tests="1" failures="0" timestamp="24 abr 2020 07:33:11 GMT" time="4.902" errors="0">
  <testcase name="searchProduct" time="4.902" classname="testCases.Search"/>
</testsuite> <!-- testCases.Search -->
